10:45:00,957 [ERROR] class com.epam.task_6.catalog.exceptions.DAOException C:\IdeaProjects\sergey-kanabeev-algorithms\src\main\resources\musicCatalog\c1atalog.xml (Не удается найти указанный файл) at com.epam.task_6.tests.XMLTest.run(XMLTest.java:58)
10:46:28,254 [ERROR] class java.io.FileNotFoundException C:\IdeaProjects\sergey-kanabeev-algorithms\src\main\resources\musicCatalog\c1atalog.xml (Не удается найти указанный файл) at com.epam.task_6.catalog.dao.xml.XmlArtistDAO.getAll(XmlArtistDAO.java:133)
10:46:28,256 [ERROR] class com.epam.task_6.catalog.exceptions.DAOException C:\IdeaProjects\sergey-kanabeev-algorithms\src\main\resources\musicCatalog\c1atalog.xml (Не удается найти указанный файл) at com.epam.task_6.tests.XMLTest.run(XMLTest.java:58)
17:30:09,629 [ WARN] class java.io.FileNotFoundException \src\main\resources\musicCatalog\data\db\connectionProperty.prop (Системе не удается найти указанный путь) - Connection Info wasn't load! at com.epam.task_6.catalog.dao.factory.configuration.ConnectionConfiguration.readConnectionInfo(ConnectionConfiguration.java:58)
17:30:57,478 [ERROR] class java.sql.SQLException The url cannot be null at com.epam.task_6.catalog.dao.postgredb.PostgreArtistDAO.insert(PostgreArtistDAO.java:48)
17:30:57,478 [ERROR] class com.epam.task_6.catalog.exceptions.DAOException The url cannot be null at com.epam.task_6.tests.JDBCTest.run(JDBCTest.java:40)
17:32:20,035 [ WARN] class java.io.FileNotFoundException \src\main\resources\musicCatalog\data\db\connectionProperty.prop (Системе не удается найти указанный путь) - Connection Info wasn't load! at com.epam.task_6.catalog.dao.factory.configuration.ConnectionConfiguration.readConnectionInfo(ConnectionConfiguration.java:58)
17:33:08,291 [ WARN] class java.io.FileNotFoundException \src\main\resources\musicCatalog\data\db\connectionProperty.prop (Системе не удается найти указанный путь) - Connection Info wasn't load! at com.epam.task_6.catalog.dao.factory.configuration.ConnectionConfiguration.readConnectionInfo(ConnectionConfiguration.java:58)
17:36:40,768 [ WARN] class com.epam.task_6.catalog.exceptions.ConnectionConfigurationException Driver wasn't find in the property file. - Connection Info wasn't load! at com.epam.task_6.catalog.dao.factory.configuration.ConnectionConfiguration.readConnectionInfo(ConnectionConfiguration.java:58)
17:37:03,825 [ WARN] class com.epam.task_6.catalog.exceptions.ConnectionConfigurationException Driver wasn't find in the property file. - Connection Info wasn't load! at com.epam.task_6.catalog.dao.factory.configuration.ConnectionConfiguration.readConnectionInfo(ConnectionConfiguration.java:58)
17:40:23,806 [ERROR] class java.sql.SQLException The url cannot be null at com.epam.task_6.catalog.dao.postgredb.PostgreArtistDAO.insert(PostgreArtistDAO.java:48)
17:40:36,039 [ERROR] class com.epam.task_6.catalog.exceptions.DAOException The url cannot be null at com.epam.task_6.tests.JDBCTest.run(JDBCTest.java:39)
17:40:40,170 [ WARN] class com.epam.task_6.catalog.exceptions.ConnectionConfigurationException Driver wasn't find in the property file. - Connection Info wasn't load! at com.epam.task_6.catalog.dao.factory.configuration.ConnectionConfiguration.readConnectionInfo(ConnectionConfiguration.java:58)
17:41:04,592 [ERROR] class java.sql.SQLException The url cannot be null at com.epam.task_6.catalog.dao.postgredb.PostgreArtistDAO.insert(PostgreArtistDAO.java:48)
17:41:06,480 [ERROR] class com.epam.task_6.catalog.exceptions.DAOException The url cannot be null at com.epam.task_6.tests.JDBCTest.run(JDBCTest.java:39)
17:41:25,365 [ WARN] class com.epam.task_6.catalog.exceptions.ConnectionConfigurationException Driver wasn't find in the property file. - Connection Info wasn't load! at com.epam.task_6.catalog.dao.factory.configuration.ConnectionConfiguration.readConnectionInfo(ConnectionConfiguration.java:58)
17:41:56,436 [ WARN] class com.epam.task_6.catalog.exceptions.ConnectionConfigurationException Driver wasn't find in the property file. - Connection Info wasn't load! at com.epam.task_6.catalog.dao.factory.configuration.ConnectionConfiguration.readConnectionInfo(ConnectionConfiguration.java:58)
17:42:08,432 [ WARN] class com.epam.task_6.catalog.exceptions.ConnectionConfigurationException Driver wasn't find in the property file. - Connection Info wasn't load! at com.epam.task_6.catalog.dao.factory.configuration.ConnectionConfiguration.readConnectionInfo(ConnectionConfiguration.java:58)
17:42:40,745 [ WARN] class com.epam.task_6.catalog.exceptions.ConnectionConfigurationException Driver wasn't find in the property file. - Connection Info wasn't load! at com.epam.task_6.catalog.dao.factory.configuration.ConnectionConfiguration.readConnectionInfo(ConnectionConfiguration.java:58)
17:42:40,773 [ERROR] class java.sql.SQLException The url cannot be null at com.epam.task_6.catalog.dao.postgredb.PostgreArtistDAO.insert(PostgreArtistDAO.java:48)
17:42:40,774 [ERROR] class com.epam.task_6.catalog.exceptions.DAOException The url cannot be null at com.epam.task_6.tests.JDBCTest.run(JDBCTest.java:39)
17:42:43,880 [ WARN] class com.epam.task_6.catalog.exceptions.ConnectionConfigurationException Driver wasn't find in the property file. - Connection Info wasn't load! at com.epam.task_6.catalog.dao.factory.configuration.ConnectionConfiguration.readConnectionInfo(ConnectionConfiguration.java:58)
17:43:27,423 [ WARN] class com.epam.task_6.catalog.exceptions.ConnectionConfigurationException Driver wasn't find in the property file. - Connection Info wasn't load! at com.epam.task_6.catalog.dao.factory.configuration.ConnectionConfiguration.readConnectionInfo(ConnectionConfiguration.java:58)
18:20:25,424 [ERROR] class org.postgresql.util.PSQLException ОШИБКА: повторяющееся значение ключа нарушает ограничение уникальности "album_title_key"
  Подробности: Ключ "(title)=(Toxicity)" уже существует. at com.epam.task_6.catalog.dao.postgredb.PostgreArtistDAO.insert(PostgreArtistDAO.java:48)
18:20:31,747 [ERROR] class com.epam.task_6.catalog.exceptions.DAOException [Ljava.lang.StackTraceElement;@3439f68d at com.epam.task_6.tests.JDBCTest.run(JDBCTest.java:43)
18:28:26,811 [ERROR] class org.postgresql.util.PSQLException ОШИБКА: повторяющееся значение ключа нарушает ограничение уникальности "artist_title_key"
  Подробности: Ключ "(title)=(System of a Down)" уже существует. at com.epam.task_6.catalog.dao.postgredb.PostgreArtistDAO.insert(PostgreArtistDAO.java:48)
18:28:26,812 [ERROR] class com.epam.task_6.catalog.exceptions.DAOException [Ljava.lang.StackTraceElement;@53bd815b at com.epam.task_6.tests.JDBCTest.run(JDBCTest.java:43)
